{
  "numTotalTestSuites": 90,
  "numPassedTestSuites": 63,
  "numFailedTestSuites": 27,
  "numPendingTestSuites": 0,
  "numTotalTests": 357,
  "numPassedTests": 317,
  "numFailedTests": 0,
  "numPendingTests": 40,
  "numTodoTests": 0,
  "snapshot": {
    "added": 0,
    "failure": false,
    "filesAdded": 0,
    "filesRemoved": 0,
    "filesRemovedList": [],
    "filesUnmatched": 0,
    "filesUpdated": 0,
    "matched": 0,
    "total": 0,
    "unchecked": 0,
    "uncheckedKeysByFile": [],
    "unmatched": 0,
    "updated": 0,
    "didUpdate": false
  },
  "startTime": 1771930511550,
  "success": false,
  "testResults": [
    {
      "assertionResults": [],
      "startTime": 1771930511550,
      "endTime": 1771930511550,
      "status": "failed",
      "message": "The \"path\" argument must be of type string. Received undefined",
      "name": "/Users/administrator/.openclaw/workspace/ironclaw/test/media-understanding.auto.test.ts"
    },
    {
      "assertionResults": [
        {
          "ancestorTitles": ["normalizePath"],
          "fullName": "normalizePath adds leading slash when missing",
          "status": "passed",
          "title": "adds leading slash when missing",
          "duration": 1.244624999999985,
          "failureMessages": [],
          "meta": {}
        },
        {
          "ancestorTitles": ["normalizePath"],
          "fullName": "normalizePath keeps existing slash",
          "status": "passed",
          "title": "keeps existing slash",
          "duration": 0.11199999999996635,
          "failureMessages": [],
          "meta": {}
        },
        {
          "ancestorTitles": ["withWhatsAppPrefix"],
          "fullName": "withWhatsAppPrefix adds whatsapp prefix",
          "status": "passed",
          "title": "adds whatsapp prefix",
          "duration": 0.11404199999998355,
          "failureMessages": [],
          "meta": {}
        },
        {
          "ancestorTitles": ["withWhatsAppPrefix"],
          "fullName": "withWhatsAppPrefix leaves prefixed intact",
          "status": "passed",
          "title": "leaves prefixed intact",
          "duration": 0.07537500000000819,
          "failureMessages": [],
          "meta": {}
        },
        {
          "ancestorTitles": ["ensureDir"],
          "fullName": "ensureDir creates nested directory",
          "status": "passed",
          "title": "creates nested directory",
          "duration": 1.728166999999985,
          "failureMessages": [],
          "meta": {}
        },
        {
          "ancestorTitles": ["sleep"],
          "fullName": "sleep resolves after delay using fake timers",
          "status": "passed",
          "title": "resolves after delay using fake timers",
          "duration": 1.8616670000000113,
          "failureMessages": [],
          "meta": {}
        },
        {
          "ancestorTitles": ["assertWebChannel"],
          "fullName": "assertWebChannel accepts valid channel",
          "status": "passed",
          "title": "accepts valid channel",
          "duration": 0.4307499999999891,
          "failureMessages": [],
          "meta": {}
        },
        {
          "ancestorTitles": ["assertWebChannel"],
          "fullName": "assertWebChannel throws for invalid channel",
          "status": "passed",
          "title": "throws for invalid channel",
          "duration": 0.1047500000000241,
          "failureMessages": [],
          "meta": {}
        },
        {
          "ancestorTitles": ["normalizeE164 & toWhatsappJid"],
          "fullName": "normalizeE164 & toWhatsappJid strips formatting and prefixes",
          "status": "passed",
          "title": "strips formatting and prefixes",
          "duration": 0.3009579999999801,
          "failureMessages": [],
          "meta": {}
        },
        {
          "ancestorTitles": ["normalizeE164 & toWhatsappJid"],
          "fullName": "normalizeE164 & toWhatsappJid preserves existing JIDs",
          "status": "passed",
          "title": "preserves existing JIDs",
          "duration": 0.1539170000000354,
          "failureMessages": [],
          "meta": {}
        },
        {
          "ancestorTitles": ["jidToE164"],
          "fullName": "jidToE164 maps @lid using reverse mapping file",
          "status": "passed",
          "title": "maps @lid using reverse mapping file",
          "duration": 1.2425000000000068,
          "failureMessages": [],
          "meta": {}
        },
        {
          "ancestorTitles": ["jidToE164"],
          "fullName": "jidToE164 maps @lid from authDir mapping files",
          "status": "passed",
          "title": "maps @lid from authDir mapping files",
          "duration": 3.5410830000000146,
          "failureMessages": [],
          "meta": {}
        },
        {
          "ancestorTitles": ["jidToE164"],
          "fullName": "jidToE164 maps @hosted.lid from authDir mapping files",
          "status": "passed",
          "title": "maps @hosted.lid from authDir mapping files",
          "duration": 0.5198750000000132,
          "failureMessages": [],
          "meta": {}
        },
        {
          "ancestorTitles": ["jidToE164"],
          "fullName": "jidToE164 accepts hosted PN JIDs",
          "status": "passed",
          "title": "accepts hosted PN JIDs",
          "duration": 0.05579199999999673,
          "failureMessages": [],
          "meta": {}
        },
        {
          "ancestorTitles": ["jidToE164"],
          "fullName": "jidToE164 falls back through lidMappingDirs in order",
          "status": "passed",
          "title": "falls back through lidMappingDirs in order",
          "duration": 18.780583999999976,
          "failureMessages": [],
          "meta": {}
        },
        {
          "ancestorTitles": ["resolveConfigDir"],
          "fullName": "resolveConfigDir prefers ~/.openclaw when legacy dir is missing",
          "status": "passed",
          "title": "prefers ~/.openclaw when legacy dir is missing",
          "duration": 5.876082999999994,
          "failureMessages": [],
          "meta": {}
        },
        {
          "ancestorTitles": ["resolveHomeDir"],
          "fullName": "resolveHomeDir prefers OPENCLAW_HOME over HOME",
          "status": "passed",
          "title": "prefers OPENCLAW_HOME over HOME",
          "duration": 0.44283300000000736,
          "failureMessages": [],
          "meta": {}
        },
        {
          "ancestorTitles": ["shortenHomePath"],
          "fullName": "shortenHomePath uses $OPENCLAW_HOME prefix when OPENCLAW_HOME is set",
          "status": "passed",
          "title": "uses $OPENCLAW_HOME prefix when OPENCLAW_HOME is set",
          "duration": 0.18870800000001964,
          "failureMessages": [],
          "meta": {}
        },
        {
          "ancestorTitles": ["shortenHomeInString"],
          "fullName": "shortenHomeInString uses $OPENCLAW_HOME replacement when OPENCLAW_HOME is set",
          "status": "passed",
          "title": "uses $OPENCLAW_HOME replacement when OPENCLAW_HOME is set",
          "duration": 0.11129099999999426,
          "failureMessages": [],
          "meta": {}
        },
        {
          "ancestorTitles": ["resolveJidToE164"],
          "fullName": "resolveJidToE164 resolves @lid via lidLookup when mapping file is missing",
          "status": "passed",
          "title": "resolves @lid via lidLookup when mapping file is missing",
          "duration": 3.0963749999999663,
          "failureMessages": [],
          "meta": {}
        },
        {
          "ancestorTitles": ["resolveJidToE164"],
          "fullName": "resolveJidToE164 skips lidLookup for non-lid JIDs",
          "status": "passed",
          "title": "skips lidLookup for non-lid JIDs",
          "duration": 0.1500419999999849,
          "failureMessages": [],
          "meta": {}
        },
        {
          "ancestorTitles": ["resolveJidToE164"],
          "fullName": "resolveJidToE164 returns null when lidLookup throws",
          "status": "passed",
          "title": "returns null when lidLookup throws",
          "duration": 0.3577919999999608,
          "failureMessages": [],
          "meta": {}
        },
        {
          "ancestorTitles": ["resolveUserPath"],
          "fullName": "resolveUserPath expands ~ to home dir",
          "status": "passed",
          "title": "expands ~ to home dir",
          "duration": 0.11645899999996345,
          "failureMessages": [],
          "meta": {}
        },
        {
          "ancestorTitles": ["resolveUserPath"],
          "fullName": "resolveUserPath expands ~/ to home dir",
          "status": "passed",
          "title": "expands ~/ to home dir",
          "duration": 0.07129200000002811,
          "failureMessages": [],
          "meta": {}
        },
        {
          "ancestorTitles": ["resolveUserPath"],
          "fullName": "resolveUserPath resolves relative paths",
          "status": "passed",
          "title": "resolves relative paths",
          "duration": 0.07541700000001583,
          "failureMessages": [],
          "meta": {}
        },
        {
          "ancestorTitles": ["resolveUserPath"],
          "fullName": "resolveUserPath prefers OPENCLAW_HOME for tilde expansion",
          "status": "passed",
          "title": "prefers OPENCLAW_HOME for tilde expansion",
          "duration": 0.06483299999996461,
          "failureMessages": [],
          "meta": {}
        },
        {
          "ancestorTitles": ["resolveUserPath"],
          "fullName": "resolveUserPath keeps blank paths blank",
          "status": "passed",
          "title": "keeps blank paths blank",
          "duration": 0.04758300000003146,
          "failureMessages": [],
          "meta": {}
        },
        {
          "ancestorTitles": ["resolveUserPath"],
          "fullName": "resolveUserPath returns empty string for undefined/null input",
          "status": "passed",
          "title": "returns empty string for undefined/null input",
          "duration": 0.046041999999999916,
          "failureMessages": [],
          "meta": {}
        }
      ],
      "startTime": 1771931046242,
      "endTime": 1771931046284.0476,
      "status": "passed",
      "message": "",
      "name": "/Users/administrator/.openclaw/workspace/ironclaw/src/utils.test.ts"
    },
    {
      "assertionResults": [
        {
          "ancestorTitles": ["formatAgentEnvelope"],
          "fullName": "formatAgentEnvelope includes channel, from, ip, host, and timestamp",
          "status": "passed",
          "title": "includes channel, from, ip, host, and timestamp",
          "duration": 25.52070900000001,
          "failureMessages": [],
          "meta": {}
        },
        {
          "ancestorTitles": ["formatAgentEnvelope"],
          "fullName": "formatAgentEnvelope formats timestamps in local timezone by default",
          "status": "passed",
          "title": "formats timestamps in local timezone by default",
          "duration": 40.372333000000026,
          "failureMessages": [],
          "meta": {}
        },
        {
          "ancestorTitles": ["formatAgentEnvelope"],
          "fullName": "formatAgentEnvelope formats timestamps in UTC when configured",
          "status": "passed",
          "title": "formats timestamps in UTC when configured",
          "duration": 1.4766250000000127,
          "failureMessages": [],
          "meta": {}
        },
        {
          "ancestorTitles": ["formatAgentEnvelope"],
          "fullName": "formatAgentEnvelope formats timestamps in user timezone when configured",
          "status": "passed",
          "title": "formats timestamps in user timezone when configured",
          "duration": 0.8546249999999986,
          "failureMessages": [],
          "meta": {}
        },
        {
          "ancestorTitles": ["formatAgentEnvelope"],
          "fullName": "formatAgentEnvelope omits timestamps when configured",
          "status": "passed",
          "title": "omits timestamps when configured",
          "duration": 0.5217499999999973,
          "failureMessages": [],
          "meta": {}
        },
        {
          "ancestorTitles": ["formatAgentEnvelope"],
          "fullName": "formatAgentEnvelope handles missing optional fields",
          "status": "passed",
          "title": "handles missing optional fields",
          "duration": 0.36025000000000773,
          "failureMessages": [],
          "meta": {}
        },
        {
          "ancestorTitles": ["formatInboundEnvelope"],
          "fullName": "formatInboundEnvelope prefixes sender for non-direct chats",
          "status": "passed",
          "title": "prefixes sender for non-direct chats",
          "duration": 0.18616600000001426,
          "failureMessages": [],
          "meta": {}
        },
        {
          "ancestorTitles": ["formatInboundEnvelope"],
          "fullName": "formatInboundEnvelope uses sender fields when senderLabel is missing",
          "status": "passed",
          "title": "uses sender fields when senderLabel is missing",
          "duration": 0.3633339999999521,
          "failureMessages": [],
          "meta": {}
        },
        {
          "ancestorTitles": ["formatInboundEnvelope"],
          "fullName": "formatInboundEnvelope keeps direct messages unprefixed",
          "status": "passed",
          "title": "keeps direct messages unprefixed",
          "duration": 0.1636670000000322,
          "failureMessages": [],
          "meta": {}
        },
        {
          "ancestorTitles": ["formatInboundEnvelope"],
          "fullName": "formatInboundEnvelope includes elapsed time when previousTimestamp is provided",
          "status": "passed",
          "title": "includes elapsed time when previousTimestamp is provided",
          "duration": 0.6138339999999971,
          "failureMessages": [],
          "meta": {}
        },
        {
          "ancestorTitles": ["formatInboundEnvelope"],
          "fullName": "formatInboundEnvelope omits elapsed time when disabled",
          "status": "passed",
          "title": "omits elapsed time when disabled",
          "duration": 0.15979099999998425,
          "failureMessages": [],
          "meta": {}
        },
        {
          "ancestorTitles": ["formatInboundEnvelope"],
          "fullName": "formatInboundEnvelope resolves envelope options from config",
          "status": "passed",
          "title": "resolves envelope options from config",
          "duration": 0.656750000000045,
          "failureMessages": [],
          "meta": {}
        }
      ],
      "startTime": 1771931044635,
      "endTime": 1771931044706.6567,
      "status": "passed",
      "message": "",
      "name": "/Users/administrator/.openclaw/workspace/ironclaw/src/auto-reply/envelope.test.ts"
    },
    {
      "assertionResults": [],
      "startTime": 1771930511550,
      "endTime": 1771930511550,
      "status": "failed",
      "message": "The \"path\" argument must be of type string. Received undefined",
      "name": "/Users/administrator/.openclaw/workspace/ironclaw/src/auto-reply/reply.block-streaming.test.ts"
    },
    {
      "assertionResults": [
        {
          "ancestorTitles": ["group intro prompts"],
          "fullName": "group intro prompts labels Discord groups using the surface metadata",
          "status": "skipped",
          "title": "labels Discord groups using the surface metadata",
          "failureMessages": [],
          "meta": {}
        },
        {
          "ancestorTitles": ["group intro prompts"],
          "fullName": "group intro prompts keeps WhatsApp labeling for WhatsApp group chats",
          "status": "skipped",
          "title": "keeps WhatsApp labeling for WhatsApp group chats",
          "failureMessages": [],
          "meta": {}
        },
        {
          "ancestorTitles": ["group intro prompts"],
          "fullName": "group intro prompts labels Telegram groups using their own surface",
          "status": "skipped",
          "title": "labels Telegram groups using their own surface",
          "failureMessages": [],
          "meta": {}
        }
      ],
      "startTime": 1771930511550,
      "endTime": 1771930511550,
      "status": "failed",
      "message": "The \"path\" argument must be of type string. Received undefined",
      "name": "/Users/administrator/.openclaw/workspace/ironclaw/src/auto-reply/reply.triggers.group-intro-prompts.test.ts"
    },
    {
      "assertionResults": [
        {
          "ancestorTitles": ["trigger handling"],
          "fullName": "trigger handling allows /activation from allowFrom in groups",
          "status": "skipped",
          "title": "allows /activation from allowFrom in groups",
          "failureMessages": [],
          "meta": {}
        },
        {
          "ancestorTitles": ["trigger handling"],
          "fullName": "trigger handling injects group activation context into the system prompt",
          "status": "skipped",
          "title": "injects group activation context into the system prompt",
          "failureMessages": [],
          "meta": {}
        },
        {
          "ancestorTitles": ["trigger handling"],
          "fullName": "trigger handling runs a greeting prompt for a bare /new",
          "status": "skipped",
          "title": "runs a greeting prompt for a bare /new",
          "failureMessages": [],
          "meta": {}
        }
      ],
      "startTime": 1771930511550,
      "endTime": 1771930511550,
      "status": "failed",
      "message": "The \"path\" argument must be of type string. Received undefined",
      "name": "/Users/administrator/.openclaw/workspace/ironclaw/src/auto-reply/reply.triggers.trigger-handling.allows-activation-from-allowfrom-groups.test.ts"
    },
    {
      "assertionResults": [
        {
          "ancestorTitles": ["trigger handling"],
          "fullName": "trigger handling filters usage summary to the current model provider",
          "status": "skipped",
          "title": "filters usage summary to the current model provider",
          "failureMessages": [],
          "meta": {}
        },
        {
          "ancestorTitles": ["trigger handling"],
          "fullName": "trigger handling emits /status once (no duplicate inline + final)",
          "status": "skipped",
          "title": "emits /status once (no duplicate inline + final)",
          "failureMessages": [],
          "meta": {}
        },
        {
          "ancestorTitles": ["trigger handling"],
          "fullName": "trigger handling sets per-response usage footer via /usage",
          "status": "skipped",
          "title": "sets per-response usage footer via /usage",
          "failureMessages": [],
          "meta": {}
        },
        {
          "ancestorTitles": ["trigger handling"],
          "fullName": "trigger handling cycles /usage modes and persists to the session store",
          "status": "skipped",
          "title": "cycles /usage modes and persists to the session store",
          "failureMessages": [],
          "meta": {}
        },
        {
          "ancestorTitles": ["trigger handling"],
          "fullName": "trigger handling treats /usage on as tokens (back-compat)",
          "status": "skipped",
          "title": "treats /usage on as tokens (back-compat)",
          "failureMessages": [],
          "meta": {}
        },
        {
          "ancestorTitles": ["trigger handling"],
          "fullName": "trigger handling sends one inline status and still returns agent reply for mixed text",
          "status": "skipped",
          "title": "sends one inline status and still returns agent reply for mixed text",
          "failureMessages": [],
          "meta": {}
        },
        {
          "ancestorTitles": ["trigger handling"],
          "fullName": "trigger handling aborts even with timestamp prefix",
          "status": "skipped",
          "title": "aborts even with timestamp prefix",
          "failureMessages": [],
          "meta": {}
        },
        {
          "ancestorTitles": ["trigger handling"],
          "fullName": "trigger handling handles /stop without invoking the agent",
          "status": "skipped",
          "title": "handles /stop without invoking the agent",
          "failureMessages": [],
          "meta": {}
        }
      ],
      "startTime": 1771930511550,
      "endTime": 1771930511550,
      "status": "failed",
      "message": "The \"path\" argument must be of type string. Received undefined",
      "name": "/Users/administrator/.openclaw/workspace/ironclaw/src/auto-reply/reply.triggers.trigger-handling.filters-usage-summary-current-model-provider.test.ts"
    },
    {
      "assertionResults": [
        {
          "ancestorTitles": ["trigger handling"],
          "fullName": "trigger handling handles inline /commands and strips it before the agent",
          "status": "skipped",
          "title": "handles inline /commands and strips it before the agent",
          "failureMessages": [],
          "meta": {}
        },
        {
          "ancestorTitles": ["trigger handling"],
          "fullName": "trigger handling handles inline /whoami and strips it before the agent",
          "status": "skipped",
          "title": "handles inline /whoami and strips it before the agent",
          "failureMessages": [],
          "meta": {}
        },
        {
          "ancestorTitles": ["trigger handling"],
          "fullName": "trigger handling drops /status for unauthorized senders",
          "status": "skipped",
          "title": "drops /status for unauthorized senders",
          "failureMessages": [],
          "meta": {}
        },
        {
          "ancestorTitles": ["trigger handling"],
          "fullName": "trigger handling drops /whoami for unauthorized senders",
          "status": "skipped",
          "title": "drops /whoami for unauthorized senders",
          "failureMessages": [],
          "meta": {}
        }
      ],
      "startTime": 1771930511550,
      "endTime": 1771930511550,
      "status": "failed",
      "message": "The \"path\" argument must be of type string. Received undefined",
      "name": "/Users/administrator/.openclaw/workspace/ironclaw/src/auto-reply/reply.triggers.trigger-handling.handles-inline-commands-strips-it-before-agent.test.ts"
    },
    {
      "assertionResults": [
        {
          "ancestorTitles": ["trigger handling"],
          "fullName": "trigger handling ignores inline elevated directive for unapproved sender",
          "status": "skipped",
          "title": "ignores inline elevated directive for unapproved sender",
          "failureMessages": [],
          "meta": {}
        },
        {
          "ancestorTitles": ["trigger handling"],
          "fullName": "trigger handling uses tools.elevated.allowFrom.discord for elevated approval",
          "status": "skipped",
          "title": "uses tools.elevated.allowFrom.discord for elevated approval",
          "failureMessages": [],
          "meta": {}
        },
        {
          "ancestorTitles": ["trigger handling"],
          "fullName": "trigger handling treats explicit discord elevated allowlist as override",
          "status": "skipped",
          "title": "treats explicit discord elevated allowlist as override",
          "failureMessages": [],
          "meta": {}
        },
        {
          "ancestorTitles": ["trigger handling"],
          "fullName": "trigger handling returns a context overflow fallback when the embedded agent throws",
          "status": "skipped",
          "title": "returns a context overflow fallback when the embedded agent throws",
          "failureMessages": [],
          "meta": {}
        }
      ],
      "startTime": 1771930511550,
      "endTime": 1771930511550,
      "status": "failed",
      "message": "The \"path\" argument must be of type string. Received undefined",
      "name": "/Users/administrator/.openclaw/workspace/ironclaw/src/auto-reply/reply.triggers.trigger-handling.ignores-inline-elevated-directive-unapproved-sender.test.ts"
    },
    {
      "assertionResults": [
        {
          "ancestorTitles": ["trigger handling"],
          "fullName": "trigger handling includes the error cause when the embedded agent throws",
          "status": "skipped",
          "title": "includes the error cause when the embedded agent throws",
          "failureMessages": [],
          "meta": {}
        },
        {
          "ancestorTitles": ["trigger handling"],
          "fullName": "trigger handling uses heartbeat model override for heartbeat runs",
          "status": "skipped",
          "title": "uses heartbeat model override for heartbeat runs",
          "failureMessages": [],
          "meta": {}
        },
        {
          "ancestorTitles": ["trigger handling"],
          "fullName": "trigger handling keeps stored model override for heartbeat runs when heartbeat model is not configured",
          "status": "skipped",
          "title": "keeps stored model override for heartbeat runs when heartbeat model is not configured",
          "failureMessages": [],
          "meta": {}
        },
        {
          "ancestorTitles": ["trigger handling"],
          "fullName": "trigger handling suppresses HEARTBEAT_OK replies outside heartbeat runs",
          "status": "skipped",
          "title": "suppresses HEARTBEAT_OK replies outside heartbeat runs",
          "failureMessages": [],
          "meta": {}
        },
        {
          "ancestorTitles": ["trigger handling"],
          "fullName": "trigger handling strips HEARTBEAT_OK at edges outside heartbeat runs",
          "status": "skipped",
          "title": "strips HEARTBEAT_OK at edges outside heartbeat runs",
          "failureMessages": [],
          "meta": {}
        },
        {
          "ancestorTitles": ["trigger handling"],
          "fullName": "trigger handling updates group activation when the owner sends /activation",
          "status": "skipped",
          "title": "updates group activation when the owner sends /activation",
          "failureMessages": [],
          "meta": {}
        }
      ],
      "startTime": 1771930511550,
      "endTime": 1771930511550,
      "status": "failed",
      "message": "The \"path\" argument must be of type string. Received undefined",
      "name": "/Users/administrator/.openclaw/workspace/ironclaw/src/auto-reply/reply.triggers.trigger-handling.includes-error-cause-embedded-agent-throws.test.ts"
    },
    {
      "assertionResults": [
        {
          "ancestorTitles": ["trigger handling"],
          "fullName": "trigger handling keeps inline /status for unauthorized senders",
          "status": "skipped",
          "title": "keeps inline /status for unauthorized senders",
          "failureMessages": [],
          "meta": {}
        },
        {
          "ancestorTitles": ["trigger handling"],
          "fullName": "trigger handling keeps inline /help for unauthorized senders",
          "status": "skipped",
          "title": "keeps inline /help for unauthorized senders",
          "failureMessages": [],
          "meta": {}
        },
        {
          "ancestorTitles": ["trigger handling"],
          "fullName": "trigger handling returns help without invoking the agent",
          "status": "skipped",
          "title": "returns help without invoking the agent",
          "failureMessages": [],
          "meta": {}
        },
        {
          "ancestorTitles": ["trigger handling"],
          "fullName": "trigger handling allows owner to set send policy",
          "status": "skipped",
          "title": "allows owner to set send policy",
          "failureMessages": [],
          "meta": {}
        }
      ],
      "startTime": 1771930511550,
      "endTime": 1771930511550,
      "status": "failed",
      "message": "The \"path\" argument must be of type string. Received undefined",
      "name": "/Users/administrator/.openclaw/workspace/ironclaw/src/auto-reply/reply.triggers.trigger-handling.keeps-inline-status-unauthorized-senders.test.ts"
    },
    {
      "assertionResults": [],
      "startTime": 1771930511550,
      "endTime": 1771930511550,
      "status": "failed",
      "message": "The \"path\" argument must be of type string. Received undefined",
      "name": "/Users/administrator/.openclaw/workspace/ironclaw/src/auto-reply/reply.triggers.trigger-handling.runs-compact-as-gated-command.test.ts"
    },
    {
      "assertionResults": [
        {
          "ancestorTitles": ["trigger handling"],
          "fullName": "trigger handling runs a greeting prompt for a bare /reset",
          "status": "skipped",
          "title": "runs a greeting prompt for a bare /reset",
          "failureMessages": [],
          "meta": {}
        },
        {
          "ancestorTitles": ["trigger handling"],
          "fullName": "trigger handling does not reset for unauthorized /reset",
          "status": "skipped",
          "title": "does not reset for unauthorized /reset",
          "failureMessages": [],
          "meta": {}
        },
        {
          "ancestorTitles": ["trigger handling"],
          "fullName": "trigger handling blocks /reset for non-owner senders",
          "status": "skipped",
          "title": "blocks /reset for non-owner senders",
          "failureMessages": [],
          "meta": {}
        }
      ],
      "startTime": 1771930511550,
      "endTime": 1771930511550,
      "status": "failed",
      "message": "The \"path\" argument must be of type string. Received undefined",
      "name": "/Users/administrator/.openclaw/workspace/ironclaw/src/auto-reply/reply.triggers.trigger-handling.runs-greeting-prompt-bare-reset.test.ts"
    },
    {
      "assertionResults": [
        {
          "ancestorTitles": ["trigger handling"],
          "fullName": "trigger handling shows endpoint default in /model status when not configured",
          "status": "skipped",
          "title": "shows endpoint default in /model status when not configured",
          "failureMessages": [],
          "meta": {}
        },
        {
          "ancestorTitles": ["trigger handling"],
          "fullName": "trigger handling includes endpoint details in /model status when configured",
          "status": "skipped",
          "title": "includes endpoint details in /model status when configured",
          "failureMessages": [],
          "meta": {}
        },
        {
          "ancestorTitles": ["trigger handling"],
          "fullName": "trigger handling restarts by default",
          "status": "skipped",
          "title": "restarts by default",
          "failureMessages": [],
          "meta": {}
        },
        {
          "ancestorTitles": ["trigger handling"],
          "fullName": "trigger handling rejects /restart when explicitly disabled",
          "status": "skipped",
          "title": "rejects /restart when explicitly disabled",
          "failureMessages": [],
          "meta": {}
        },
        {
          "ancestorTitles": ["trigger handling"],
          "fullName": "trigger handling reports status without invoking the agent",
          "status": "skipped",
          "title": "reports status without invoking the agent",
          "failureMessages": [],
          "meta": {}
        }
      ],
      "startTime": 1771930511550,
      "endTime": 1771930511550,
      "status": "failed",
      "message": "The \"path\" argument must be of type string. Received undefined",
      "name": "/Users/administrator/.openclaw/workspace/ironclaw/src/auto-reply/reply.triggers.trigger-handling.shows-endpoint-default-model-status-not-configured.test.ts"
    },
    {
      "assertionResults": [
        {
          "ancestorTitles": ["tool meta formatting"],
          "fullName": "tool meta formatting shortens paths under HOME",
          "status": "passed",
          "title": "shortens paths under HOME",
          "duration": 2.348083000000031,
          "failureMessages": [],
          "meta": {}
        },
        {
          "ancestorTitles": ["tool meta formatting"],
          "fullName": "tool meta formatting shortens meta strings with optional colon suffix",
          "status": "passed",
          "title": "shortens meta strings with optional colon suffix",
          "duration": 0.7008749999999964,
          "failureMessages": [],
          "meta": {}
        },
        {
          "ancestorTitles": ["tool meta formatting"],
          "fullName": "tool meta formatting formats aggregates with grouping and brace-collapse",
          "status": "passed",
          "title": "formats aggregates with grouping and brace-collapse",
          "duration": 1.8392499999999927,
          "failureMessages": [],
          "meta": {}
        },
        {
          "ancestorTitles": ["tool meta formatting"],
          "fullName": "tool meta formatting wraps aggregate meta in backticks when markdown is enabled",
          "status": "passed",
          "title": "wraps aggregate meta in backticks when markdown is enabled",
          "duration": 0.2207499999999527,
          "failureMessages": [],
          "meta": {}
        },
        {
          "ancestorTitles": ["tool meta formatting"],
          "fullName": "tool meta formatting keeps exec flags outside markdown and moves them to the front",
          "status": "passed",
          "title": "keeps exec flags outside markdown and moves them to the front",
          "duration": 0.32116600000000517,
          "failureMessages": [],
          "meta": {}
        },
        {
          "ancestorTitles": ["tool meta formatting"],
          "fullName": "tool meta formatting formats prefixes with default labels",
          "status": "passed",
          "title": "formats prefixes with default labels",
          "duration": 1.3205840000000535,
          "failureMessages": [],
          "meta": {}
        }
      ],
      "startTime": 1771931047027,
      "endTime": 1771931047034.3206,
      "status": "passed",
      "message": "",
      "name": "/Users/administrator/.openclaw/workspace/ironclaw/src/auto-reply/tool-meta.test.ts"
    },
    {
      "assertionResults": [],
      "startTime": 1771930511550,
      "endTime": 1771930511550,
      "status": "failed",
      "message": "[vitest] There was an error when mocking a module. If you are using \"vi.mock\" factory, make sure there are no top level variables inside, since this call is hoisted to top of the file. Read more: https://vitest.dev/api/vi.html#vi-mock",
      "name": "/Users/administrator/.openclaw/workspace/ironclaw/src/browser/server.agent-contract-form-layout-act-commands.test.ts"
    },
    {
      "assertionResults": [],
      "startTime": 1771930511550,
      "endTime": 1771930511550,
      "status": "failed",
      "message": "[vitest] There was an error when mocking a module. If you are using \"vi.mock\" factory, make sure there are no top level variables inside, since this call is hoisted to top of the file. Read more: https://vitest.dev/api/vi.html#vi-mock",
      "name": "/Users/administrator/.openclaw/workspace/ironclaw/src/browser/server.agent-contract-snapshot-endpoints.test.ts"
    },
    {
      "assertionResults": [
        {
          "ancestorTitles": ["browser control HTTP auth"],
          "fullName": "browser control HTTP auth requires bearer auth for standalone browser HTTP routes",
          "status": "passed",
          "title": "requires bearer auth for standalone browser HTTP routes",
          "duration": 73.46716700000002,
          "failureMessages": [],
          "meta": {}
        }
      ],
      "startTime": 1771931045869,
      "endTime": 1771931045942.4673,
      "status": "passed",
      "message": "",
      "name": "/Users/administrator/.openclaw/workspace/ironclaw/src/browser/server.auth-token-gates-http.test.ts"
    },
    {
      "assertionResults": [],
      "startTime": 1771930511550,
      "endTime": 1771930511550,
      "status": "failed",
      "message": "[vitest] There was an error when mocking a module. If you are using \"vi.mock\" factory, make sure there are no top level variables inside, since this call is hoisted to top of the file. Read more: https://vitest.dev/api/vi.html#vi-mock",
      "name": "/Users/administrator/.openclaw/workspace/ironclaw/src/browser/server.post-tabs-open-profile-unknown-returns-404.test.ts"
    },
    {
      "assertionResults": [],
      "startTime": 1771930511550,
      "endTime": 1771930511550,
      "status": "failed",
      "message": "The \"path\" argument must be of type string. Received undefined",
      "name": "/Users/administrator/.openclaw/workspace/ironclaw/src/agents/bash-tools.exec.background-abort.test.ts"
    },
    {
      "assertionResults": [],
      "startTime": 1771930511550,
      "endTime": 1771930511550,
      "status": "failed",
      "message": "The \"path\" argument must be of type string. Received undefined",
      "name": "/Users/administrator/.openclaw/workspace/ironclaw/src/agents/bash-tools.test.ts"
    },
    {
      "assertionResults": [],
      "startTime": 1771930511550,
      "endTime": 1771930511550,
      "status": "failed",
      "message": "The \"path\" argument must be of type string. Received undefined",
      "name": "/Users/administrator/.openclaw/workspace/ironclaw/src/agents/models-config.normalizes-gemini-3-ids-preview-google-providers.test.ts"
    },
    {
      "assertionResults": [],
      "startTime": 1771930511550,
      "endTime": 1771930511550,
      "status": "failed",
      "message": "[vitest] There was an error when mocking a module. If you are using \"vi.mock\" factory, make sure there are no top level variables inside, since this call is hoisted to top of the file. Read more: https://vitest.dev/api/vi.html#vi-mock",
      "name": "/Users/administrator/.openclaw/workspace/ironclaw/src/agents/openclaw-tools.subagents.sessions-spawn.lifecycle.test.ts"
    },
    {
      "assertionResults": [
        {
          "ancestorTitles": ["runEmbeddedPiAgent auth profile rotation"],
          "fullName": "runEmbeddedPiAgent auth profile rotation rotates for auto-pinned profiles across retryable stream failures",
          "status": "passed",
          "title": "rotates for auto-pinned profiles across retryable stream failures",
          "duration": 314.6830839999966,
          "failureMessages": [],
          "meta": {}
        },
        {
          "ancestorTitles": ["runEmbeddedPiAgent auth profile rotation"],
          "fullName": "runEmbeddedPiAgent auth profile rotation rotates on timeout without cooling down the timed-out profile",
          "status": "passed",
          "title": "rotates on timeout without cooling down the timed-out profile",
          "duration": 45.96937500000058,
          "failureMessages": [],
          "meta": {}
        },
        {
          "ancestorTitles": ["runEmbeddedPiAgent auth profile rotation"],
          "fullName": "runEmbeddedPiAgent auth profile rotation does not rotate for compaction timeouts",
          "status": "passed",
          "title": "does not rotate for compaction timeouts",
          "duration": 14.352459000001545,
          "failureMessages": [],
          "meta": {}
        },
        {
          "ancestorTitles": ["runEmbeddedPiAgent auth profile rotation"],
          "fullName": "runEmbeddedPiAgent auth profile rotation does not rotate for user-pinned profiles",
          "status": "passed",
          "title": "does not rotate for user-pinned profiles",
          "duration": 24.10491699999693,
          "failureMessages": [],
          "meta": {}
        },
        {
          "ancestorTitles": ["runEmbeddedPiAgent auth profile rotation"],
          "fullName": "runEmbeddedPiAgent auth profile rotation honors user-pinned profiles even when in cooldown",
          "status": "passed",
          "title": "honors user-pinned profiles even when in cooldown",
          "duration": 43.173917000000074,
          "failureMessages": [],
          "meta": {}
        },
        {
          "ancestorTitles": ["runEmbeddedPiAgent auth profile rotation"],
          "fullName": "runEmbeddedPiAgent auth profile rotation ignores user-locked profile when provider mismatches",
          "status": "passed",
          "title": "ignores user-locked profile when provider mismatches",
          "duration": 21.08787499999744,
          "failureMessages": [],
          "meta": {}
        },
        {
          "ancestorTitles": ["runEmbeddedPiAgent auth profile rotation"],
          "fullName": "runEmbeddedPiAgent auth profile rotation skips profiles in cooldown during initial selection",
          "status": "passed",
          "title": "skips profiles in cooldown during initial selection",
          "duration": 24.30304199999955,
          "failureMessages": [],
          "meta": {}
        },
        {
          "ancestorTitles": ["runEmbeddedPiAgent auth profile rotation"],
          "fullName": "runEmbeddedPiAgent auth profile rotation fails over when all profiles are in cooldown and fallbacks are configured",
          "status": "passed",
          "title": "fails over when all profiles are in cooldown and fallbacks are configured",
          "duration": 15.910875000001397,
          "failureMessages": [],
          "meta": {}
        },
        {
          "ancestorTitles": ["runEmbeddedPiAgent auth profile rotation"],
          "fullName": "runEmbeddedPiAgent auth profile rotation fails over with disabled reason when all profiles are unavailable",
          "status": "passed",
          "title": "fails over with disabled reason when all profiles are unavailable",
          "duration": 6.6030420000024606,
          "failureMessages": [],
          "meta": {}
        },
        {
          "ancestorTitles": ["runEmbeddedPiAgent auth profile rotation"],
          "fullName": "runEmbeddedPiAgent auth profile rotation fails over when auth is unavailable and fallbacks are configured",
          "status": "passed",
          "title": "fails over when auth is unavailable and fallbacks are configured",
          "duration": 34.96891699999833,
          "failureMessages": [],
          "meta": {}
        },
        {
          "ancestorTitles": ["runEmbeddedPiAgent auth profile rotation"],
          "fullName": "runEmbeddedPiAgent auth profile rotation uses the active erroring model in billing failover errors",
          "status": "passed",
          "title": "uses the active erroring model in billing failover errors",
          "duration": 31.873124999998254,
          "failureMessages": [],
          "meta": {}
        },
        {
          "ancestorTitles": ["runEmbeddedPiAgent auth profile rotation"],
          "fullName": "runEmbeddedPiAgent auth profile rotation skips profiles in cooldown when rotating after failure",
          "status": "passed",
          "title": "skips profiles in cooldown when rotating after failure",
          "duration": 16.658957999999984,
          "failureMessages": [],
          "meta": {}
        }
      ],
      "startTime": 1771930827683,
      "endTime": 1771930828274.659,
      "status": "passed",
      "message": "",
      "name": "/Users/administrator/.openclaw/workspace/ironclaw/src/agents/pi-embedded-runner.run-embedded-pi-agent.auth-profile-rotation.test.ts"
    },
    {
      "assertionResults": [
        {
          "ancestorTitles": ["runEmbeddedPiAgent"],
          "fullName": "runEmbeddedPiAgent handles prompt error paths without dropping user state",
          "status": "passed",
          "title": "handles prompt error paths without dropping user state",
          "duration": 6391.022874999995,
          "failureMessages": [],
          "meta": {}
        },
        {
          "ancestorTitles": ["runEmbeddedPiAgent"],
          "fullName": "runEmbeddedPiAgent appends new user + assistant after existing transcript entries",
          "status": "passed",
          "title": "appends new user + assistant after existing transcript entries",
          "duration": 1113.3880419999987,
          "failureMessages": [],
          "meta": {}
        },
        {
          "ancestorTitles": ["runEmbeddedPiAgent"],
          "fullName": "runEmbeddedPiAgent repairs orphaned user messages and continues",
          "status": "passed",
          "title": "repairs orphaned user messages and continues",
          "duration": 442.78312500000175,
          "failureMessages": [],
          "meta": {}
        }
      ],
      "startTime": 1771930776711,
      "endTime": 1771930784657.7832,
      "status": "passed",
      "message": "",
      "name": "/Users/administrator/.openclaw/workspace/ironclaw/src/agents/pi-embedded-runner.test.ts"
    },
    {
      "assertionResults": [],
      "startTime": 1771930511550,
      "endTime": 1771930511550,
      "status": "failed",
      "message": "The \"path\" argument must be of type string. Received undefined",
      "name": "/Users/administrator/.openclaw/workspace/ironclaw/src/agents/session-tool-result-guard.tool-result-persist-hook.test.ts"
    },
    {
      "assertionResults": [
        {
          "ancestorTitles": ["installSkill download extraction safety"],
          "fullName": "installSkill download extraction safety rejects archive traversal writes outside targetDir",
          "status": "passed",
          "title": "rejects archive traversal writes outside targetDir",
          "duration": 941.584417,
          "failureMessages": [],
          "meta": {}
        },
        {
          "ancestorTitles": ["installSkill download extraction safety"],
          "fullName": "installSkill download extraction safety extracts zip with stripComponents safely",
          "status": "passed",
          "title": "extracts zip with stripComponents safely",
          "duration": 93.14987499999916,
          "failureMessages": [],
          "meta": {}
        },
        {
          "ancestorTitles": ["installSkill download extraction safety"],
          "fullName": "installSkill download extraction safety rejects targetDir escapes outside the per-skill tools root",
          "status": "passed",
          "title": "rejects targetDir escapes outside the per-skill tools root",
          "duration": 42.97337499999958,
          "failureMessages": [],
          "meta": {}
        },
        {
          "ancestorTitles": ["installSkill download extraction safety"],
          "fullName": "installSkill download extraction safety allows relative targetDir inside the per-skill tools root",
          "status": "passed",
          "title": "allows relative targetDir inside the per-skill tools root",
          "duration": 30.918540999999095,
          "failureMessages": [],
          "meta": {}
        },
        {
          "ancestorTitles": ["installSkill download extraction safety (tar.bz2)"],
          "fullName": "installSkill download extraction safety (tar.bz2) handles tar.bz2 extraction safety edge-cases",
          "status": "passed",
          "title": "handles tar.bz2 extraction safety edge-cases",
          "duration": 135.82900000000154,
          "failureMessages": [],
          "meta": {}
        }
      ],
      "startTime": 1771930981465,
      "endTime": 1771930982709.829,
      "status": "passed",
      "message": "",
      "name": "/Users/administrator/.openclaw/workspace/ironclaw/src/agents/skills-install.download.test.ts"
    },
    {
      "assertionResults": [
        {
          "ancestorTitles": ["subagent announce formatting"],
          "fullName": "subagent announce formatting sends instructional message to main agent with status and findings",
          "status": "passed",
          "title": "sends instructional message to main agent with status and findings",
          "duration": 460.1446250000008,
          "failureMessages": [],
          "meta": {}
        },
        {
          "ancestorTitles": ["subagent announce formatting"],
          "fullName": "subagent announce formatting includes success status when outcome is ok",
          "status": "passed",
          "title": "includes success status when outcome is ok",
          "duration": 29.14237500001036,
          "failureMessages": [],
          "meta": {}
        },
        {
          "ancestorTitles": ["subagent announce formatting"],
          "fullName": "subagent announce formatting uses child-run announce identity for direct idempotency",
          "status": "passed",
          "title": "uses child-run announce identity for direct idempotency",
          "duration": 2.4957500000018626,
          "failureMessages": [],
          "meta": {}
        },
        {
          "ancestorTitles": ["subagent announce formatting"],
          "fullName": "subagent announce formatting falls back to latest 'toolResult' output when assistant reply is empty",
          "status": "passed",
          "title": "falls back to latest 'toolResult' output when assistant reply is empty",
          "duration": 40.9754580000008,
          "failureMessages": [],
          "meta": {}
        },
        {
          "ancestorTitles": ["subagent announce formatting"],
          "fullName": "subagent announce formatting falls back to latest 'tool' output when assistant reply is empty",
          "status": "passed",
          "title": "falls back to latest 'tool' output when assistant reply is empty",
          "duration": 3.4942079999891575,
          "failureMessages": [],
          "meta": {}
        },
        {
          "ancestorTitles": ["subagent announce formatting"],
          "fullName": "subagent announce formatting uses latest assistant text when it appears after a tool output",
          "status": "passed",
          "title": "uses latest assistant text when it appears after a tool output",
          "duration": 7.931540999998106,
          "failureMessages": [],
          "meta": {}
        },
        {
          "ancestorTitles": ["subagent announce formatting"],
          "fullName": "subagent announce formatting keeps full findings and includes compact stats",
          "status": "passed",
          "title": "keeps full findings and includes compact stats",
          "duration": 19.664208000001963,
          "failureMessages": [],
          "meta": {}
        },
        {
          "ancestorTitles": ["subagent announce formatting"],
          "fullName": "subagent announce formatting sends deterministic completion message directly for manual spawn completion",
          "status": "passed",
          "title": "sends deterministic completion message directly for manual spawn completion",
          "duration": 74.12404199999582,
          "failureMessages": [],
          "meta": {}
        },
        {
          "ancestorTitles": ["subagent announce formatting"],
          "fullName": "subagent announce formatting keeps completion-mode delivery coordinated when sibling runs are still active",
          "status": "passed",
          "title": "keeps completion-mode delivery coordinated when sibling runs are still active",
          "duration": 33.69254200000432,
          "failureMessages": [],
          "meta": {}
        },
        {
          "ancestorTitles": ["subagent announce formatting"],
          "fullName": "subagent announce formatting keeps session-mode completion delivery on the bound destination when sibling runs are active",
          "status": "passed",
          "title": "keeps session-mode completion delivery on the bound destination when sibling runs are active",
          "duration": 5.518458999998984,
          "failureMessages": [],
          "meta": {}
        },
        {
          "ancestorTitles": ["subagent announce formatting"],
          "fullName": "subagent announce formatting does not duplicate to main channel when two active bound sessions complete from the same requester channel",
          "status": "passed",
          "title": "does not duplicate to main channel when two active bound sessions complete from the same requester channel",
          "duration": 613.1754999999976,
          "failureMessages": [],
          "meta": {}
        },
        {
          "ancestorTitles": ["subagent announce formatting"],
          "fullName": "subagent announce formatting uses completion direct-send headers for error and timeout outcomes",
          "status": "passed",
          "title": "uses completion direct-send headers for error and timeout outcomes",
          "duration": 40.775500000003376,
          "failureMessages": [],
          "meta": {}
        },
        {
          "ancestorTitles": ["subagent announce formatting"],
          "fullName": "subagent announce formatting routes manual completion direct-send using requester thread hints",
          "status": "passed",
          "title": "routes manual completion direct-send using requester thread hints",
          "duration": 4.960957999996026,
          "failureMessages": [],
          "meta": {}
        },
        {
          "ancestorTitles": ["subagent announce formatting"],
          "fullName": "subagent announce formatting uses hook-provided thread target across requester thread variants",
          "status": "passed",
          "title": "uses hook-provided thread target across requester thread variants",
          "duration": 84.65141700000095,
          "failureMessages": [],
          "meta": {}
        },
        {
          "ancestorTitles": ["subagent announce formatting"],
          "fullName": "subagent announce formatting keeps requester origin when 'delivery-target hook returns no overr…'",
          "status": "passed",
          "title": "keeps requester origin when 'delivery-target hook returns no overr…'",
          "duration": 9.209625000003143,
          "failureMessages": [],
          "meta": {}
        },
        {
          "ancestorTitles": ["subagent announce formatting"],
          "fullName": "subagent announce formatting keeps requester origin when 'delivery-target hook returns non-deli…'",
          "status": "passed",
          "title": "keeps requester origin when 'delivery-target hook returns non-deli…'",
          "duration": 9.141666000010446,
          "failureMessages": [],
          "meta": {}
        },
        {
          "ancestorTitles": ["subagent announce formatting"],
          "fullName": "subagent announce formatting steers announcements into an active run when queue mode is steer",
          "status": "passed",
          "title": "steers announcements into an active run when queue mode is steer",
          "duration": 65.39766699999745,
          "failureMessages": [],
          "meta": {}
        },
        {
          "ancestorTitles": ["subagent announce formatting"],
          "fullName": "subagent announce formatting queues announce delivery with origin account routing",
          "status": "passed",
          "title": "queues announce delivery with origin account routing",
          "duration": 29.913457999995444,
          "failureMessages": [],
          "meta": {}
        },
        {
          "ancestorTitles": ["subagent announce formatting"],
          "fullName": "subagent announce formatting keeps queued idempotency unique for same-ms distinct child runs",
          "status": "passed",
          "title": "keeps queued idempotency unique for same-ms distinct child runs",
          "duration": 41.60274999999092,
          "failureMessages": [],
          "meta": {}
        },
        {
          "ancestorTitles": ["subagent announce formatting"],
          "fullName": "subagent announce formatting prefers direct delivery first for completion-mode and then queues on direct failure",
          "status": "passed",
          "title": "prefers direct delivery first for completion-mode and then queues on direct failure",
          "duration": 14.682125000006636,
          "failureMessages": [],
          "meta": {}
        },
        {
          "ancestorTitles": ["subagent announce formatting"],
          "fullName": "subagent announce formatting returns failure for completion-mode when direct delivery fails and queue fallback is unavailable",
          "status": "passed",
          "title": "returns failure for completion-mode when direct delivery fails and queue fallback is unavailable",
          "duration": 31.038667000000714,
          "failureMessages": [],
          "meta": {}
        },
        {
          "ancestorTitles": ["subagent announce formatting"],
          "fullName": "subagent announce formatting uses assistant output for completion-mode when latest assistant text exists",
          "status": "passed",
          "title": "uses assistant output for completion-mode when latest assistant text exists",
          "duration": 10.906707999994978,
          "failureMessages": [],
          "meta": {}
        },
        {
          "ancestorTitles": ["subagent announce formatting"],
          "fullName": "subagent announce formatting falls back to latest tool output for completion-mode when assistant output is empty",
          "status": "passed",
          "title": "falls back to latest tool output for completion-mode when assistant output is empty",
          "duration": 24.267957999996725,
          "failureMessages": [],
          "meta": {}
        },
        {
          "ancestorTitles": ["subagent announce formatting"],
          "fullName": "subagent announce formatting ignores user text when deriving fallback completion output",
          "status": "passed",
          "title": "ignores user text when deriving fallback completion output",
          "duration": 17.99687499999709,
          "failureMessages": [],
          "meta": {}
        },
        {
          "ancestorTitles": ["subagent announce formatting"],
          "fullName": "subagent announce formatting queues announce delivery back into requester subagent session",
          "status": "passed",
          "title": "queues announce delivery back into requester subagent session",
          "duration": 91.08904199999233,
          "failureMessages": [],
          "meta": {}
        },
        {
          "ancestorTitles": ["subagent announce formatting"],
          "fullName": "subagent announce formatting thread routing: 'includes threadId when origin has an …'",
          "status": "passed",
          "title": "thread routing: 'includes threadId when origin has an …'",
          "duration": 18.243707999994513,
          "failureMessages": [],
          "meta": {}
        },
        {
          "ancestorTitles": ["subagent announce formatting"],
          "fullName": "subagent announce formatting thread routing: 'prefers requesterOrigin.threadId over…'",
          "status": "passed",
          "title": "thread routing: 'prefers requesterOrigin.threadId over…'",
          "duration": 89.62679200001003,
          "failureMessages": [],
          "meta": {}
        },
        {
          "ancestorTitles": ["subagent announce formatting"],
          "fullName": "subagent announce formatting splits collect-mode queues when accountId differs",
          "status": "passed",
          "title": "splits collect-mode queues when accountId differs",
          "duration": 71.94020899999305,
          "failureMessages": [],
          "meta": {}
        },
        {
          "ancestorTitles": ["subagent announce formatting"],
          "fullName": "subagent announce formatting direct announce: 'uses requester origin for direct anno…'",
          "status": "passed",
          "title": "direct announce: 'uses requester origin for direct anno…'",
          "duration": 15.443125000005239,
          "failureMessages": [],
          "meta": {}
        },
        {
          "ancestorTitles": ["subagent announce formatting"],
          "fullName": "subagent announce formatting direct announce: 'normalizes requesterOrigin for direct…'",
          "status": "passed",
          "title": "direct announce: 'normalizes requesterOrigin for direct…'",
          "duration": 1.257792000003974,
          "failureMessages": [],
          "meta": {}
        },
        {
          "ancestorTitles": ["subagent announce formatting"],
          "fullName": "subagent announce formatting injects direct announce into requester subagent session instead of chat channel",
          "status": "passed",
          "title": "injects direct announce into requester subagent session instead of chat channel",
          "duration": 100.92812500000582,
          "failureMessages": [],
          "meta": {}
        },
        {
          "ancestorTitles": ["subagent announce formatting"],
          "fullName": "subagent announce formatting keeps completion-mode announce internal for nested requester subagent sessions",
          "status": "passed",
          "title": "keeps completion-mode announce internal for nested requester subagent sessions",
          "duration": 66.50216699999874,
          "failureMessages": [],
          "meta": {}
        },
        {
          "ancestorTitles": ["subagent announce formatting"],
          "fullName": "subagent announce formatting retries reading subagent output when early lifecycle completion had no text",
          "status": "passed",
          "title": "retries reading subagent output when early lifecycle completion had no text",
          "duration": 22.848124999989523,
          "failureMessages": [],
          "meta": {}
        },
        {
          "ancestorTitles": ["subagent announce formatting"],
          "fullName": "subagent announce formatting uses advisory guidance when sibling subagents are still active",
          "status": "passed",
          "title": "uses advisory guidance when sibling subagents are still active",
          "duration": 6.364416000011261,
          "failureMessages": [],
          "meta": {}
        },
        {
          "ancestorTitles": ["subagent announce formatting"],
          "fullName": "subagent announce formatting defers announce while finished runs still have active descendants",
          "status": "passed",
          "title": "defers announce while finished runs still have active descendants",
          "duration": 65.71950000000652,
          "failureMessages": [],
          "meta": {}
        },
        {
          "ancestorTitles": ["subagent announce formatting"],
          "fullName": "subagent announce formatting waits for updated synthesized output before announcing nested subagent completion",
          "status": "passed",
          "title": "waits for updated synthesized output before announcing nested subagent completion",
          "duration": 148.73825000000943,
          "failureMessages": [],
          "meta": {}
        },
        {
          "ancestorTitles": ["subagent announce formatting"],
          "fullName": "subagent announce formatting bubbles child announce to parent requester when requester subagent already ended",
          "status": "passed",
          "title": "bubbles child announce to parent requester when requester subagent already ended",
          "duration": 166.20783399998618,
          "failureMessages": [],
          "meta": {}
        },
        {
          "ancestorTitles": ["subagent announce formatting"],
          "fullName": "subagent announce formatting keeps announce retryable when ended requester subagent has no fallback requester",
          "status": "passed",
          "title": "keeps announce retryable when ended requester subagent has no fallback requester",
          "duration": 128.66945800000394,
          "failureMessages": [],
          "meta": {}
        },
        {
          "ancestorTitles": ["subagent announce formatting"],
          "fullName": "subagent announce formatting defers announce when child run stays active after settle timeout",
          "status": "passed",
          "title": "defers announce when child run stays active after settle timeout",
          "duration": 69.3917919999949,
          "failureMessages": [],
          "meta": {}
        },
        {
          "ancestorTitles": ["subagent announce formatting"],
          "fullName": "subagent announce formatting prefers requesterOrigin channel over stale session lastChannel in queued announce",
          "status": "passed",
          "title": "prefers requesterOrigin channel over stale session lastChannel in queued announce",
          "duration": 50.15937500000291,
          "failureMessages": [],
          "meta": {}
        },
        {
          "ancestorTitles": ["subagent announce formatting"],
          "fullName": "subagent announce formatting routes or falls back for ended parent subagent sessions (#18037)",
          "status": "passed",
          "title": "routes or falls back for ended parent subagent sessions (#18037)",
          "duration": 129.10399999999208,
          "failureMessages": [],
          "meta": {}
        }
      ],
      "startTime": 1771930718180,
      "endTime": 1771930721101.104,
      "status": "passed",
      "message": "",
      "name": "/Users/administrator/.openclaw/workspace/ironclaw/src/agents/subagent-announce.format.test.ts"
    },
    {
      "assertionResults": [],
      "startTime": 1771930511550,
      "endTime": 1771930511550,
      "status": "failed",
      "message": "The \"path\" argument must be of type string. Received undefined",
      "name": "/Users/administrator/.openclaw/workspace/ironclaw/src/cli/daemon-cli.coverage.test.ts"
    },
    {
      "assertionResults": [],
      "startTime": 1771930511550,
      "endTime": 1771930511550,
      "status": "failed",
      "message": "The \"path\" argument must be of type string. Received undefined",
      "name": "/Users/administrator/.openclaw/workspace/ironclaw/src/commands/auth-choice.test.ts"
    },
    {
      "assertionResults": [],
      "startTime": 1771930511550,
      "endTime": 1771930511550,
      "status": "failed",
      "message": "The \"path\" argument must be of type string. Received undefined",
      "name": "/Users/administrator/.openclaw/workspace/ironclaw/src/hooks/install.test.ts"
    },
    {
      "assertionResults": [
        {
          "ancestorTitles": ["monitorIMessageProvider"],
          "fullName": "monitorIMessageProvider does not trigger unhandledRejection when aborting during shutdown",
          "status": "passed",
          "title": "does not trigger unhandledRejection when aborting during shutdown",
          "duration": 3.2232499999999504,
          "failureMessages": [],
          "meta": {}
        }
      ],
      "startTime": 1771931047444,
      "endTime": 1771931047447.2231,
      "status": "passed",
      "message": "",
      "name": "/Users/administrator/.openclaw/workspace/ironclaw/src/imessage/monitor.shutdown.unhandled-rejection.test.ts"
    },
    {
      "assertionResults": [
        {
          "ancestorTitles": ["media store"],
          "fullName": "media store creates and returns media directory",
          "status": "passed",
          "title": "creates and returns media directory",
          "duration": 8.429124999998749,
          "failureMessages": [],
          "meta": {}
        },
        {
          "ancestorTitles": ["media store"],
          "fullName": "media store saves buffers and enforces size limit",
          "status": "passed",
          "title": "saves buffers and enforces size limit",
          "duration": 79.78229199999987,
          "failureMessages": [],
          "meta": {}
        },
        {
          "ancestorTitles": ["media store"],
          "fullName": "media store copies local files and cleans old media",
          "status": "passed",
          "title": "copies local files and cleans old media",
          "duration": 16.37645800000064,
          "failureMessages": [],
          "meta": {}
        },
        {
          "ancestorTitles": ["media store"],
          "fullName": "media store rejects symlink sources",
          "status": "passed",
          "title": "rejects symlink sources",
          "duration": 3.924957999999606,
          "failureMessages": [],
          "meta": {}
        },
        {
          "ancestorTitles": ["media store"],
          "fullName": "media store rejects directory sources with typed error code",
          "status": "passed",
          "title": "rejects directory sources with typed error code",
          "duration": 0.5391660000004777,
          "failureMessages": [],
          "meta": {}
        },
        {
          "ancestorTitles": ["media store"],
          "fullName": "media store cleans old media files in first-level subdirectories",
          "status": "passed",
          "title": "cleans old media files in first-level subdirectories",
          "duration": 1.0318330000009155,
          "failureMessages": [],
          "meta": {}
        },
        {
          "ancestorTitles": ["media store"],
          "fullName": "media store sets correct mime for xlsx by extension",
          "status": "passed",
          "title": "sets correct mime for xlsx by extension",
          "duration": 1.3117910000000848,
          "failureMessages": [],
          "meta": {}
        },
        {
          "ancestorTitles": ["media store"],
          "fullName": "media store renames media based on detected mime even when extension is wrong",
          "status": "passed",
          "title": "renames media based on detected mime even when extension is wrong",
          "duration": 13.712999999999738,
          "failureMessages": [],
          "meta": {}
        },
        {
          "ancestorTitles": ["media store"],
          "fullName": "media store sniffs xlsx mime for zip buffers and renames extension",
          "status": "passed",
          "title": "sniffs xlsx mime for zip buffers and renames extension",
          "duration": 72.85204200000044,
          "failureMessages": [],
          "meta": {}
        },
        {
          "ancestorTitles": ["media store"],
          "fullName": "media store prefers header mime extension when sniffed mime lacks mapping",
          "status": "passed",
          "title": "prefers header mime extension when sniffed mime lacks mapping",
          "duration": 12.193999999999505,
          "failureMessages": [],
          "meta": {}
        },
        {
          "ancestorTitles": ["media store", "extractOriginalFilename"],
          "fullName": "media store extractOriginalFilename extracts original filename from embedded pattern",
          "status": "passed",
          "title": "extracts original filename from embedded pattern",
          "duration": 0.22612499999922875,
          "failureMessages": [],
          "meta": {}
        },
        {
          "ancestorTitles": ["media store", "extractOriginalFilename"],
          "fullName": "media store extractOriginalFilename handles uppercase UUID pattern",
          "status": "passed",
          "title": "handles uppercase UUID pattern",
          "duration": 0.13029200000164565,
          "failureMessages": [],
          "meta": {}
        },
        {
          "ancestorTitles": ["media store", "extractOriginalFilename"],
          "fullName": "media store extractOriginalFilename falls back to basename for non-matching patterns",
          "status": "passed",
          "title": "falls back to basename for non-matching patterns",
          "duration": 0.10866700000042329,
          "failureMessages": [],
          "meta": {}
        },
        {
          "ancestorTitles": ["media store", "extractOriginalFilename"],
          "fullName": "media store extractOriginalFilename preserves original name with special characters",
          "status": "passed",
          "title": "preserves original name with special characters",
          "duration": 0.11449999999967986,
          "failureMessages": [],
          "meta": {}
        },
        {
          "ancestorTitles": ["media store", "saveMediaBuffer with originalFilename"],
          "fullName": "media store saveMediaBuffer with originalFilename embeds original filename in stored path when provided",
          "status": "passed",
          "title": "embeds original filename in stored path when provided",
          "duration": 1.3557080000009591,
          "failureMessages": [],
          "meta": {}
        },
        {
          "ancestorTitles": ["media store", "saveMediaBuffer with originalFilename"],
          "fullName": "media store saveMediaBuffer with originalFilename sanitizes unsafe characters in original filename",
          "status": "passed",
          "title": "sanitizes unsafe characters in original filename",
          "duration": 0.5015409999996336,
          "failureMessages": [],
          "meta": {}
        },
        {
          "ancestorTitles": ["media store", "saveMediaBuffer with originalFilename"],
          "fullName": "media store saveMediaBuffer with originalFilename truncates long original filenames",
          "status": "passed",
          "title": "truncates long original filenames",
          "duration": 0.4922500000011496,
          "failureMessages": [],
          "meta": {}
        },
        {
          "ancestorTitles": ["media store", "saveMediaBuffer with originalFilename"],
          "fullName": "media store saveMediaBuffer with originalFilename falls back to UUID-only when originalFilename not provided",
          "status": "passed",
          "title": "falls back to UUID-only when originalFilename not provided",
          "duration": 0.47612499999922875,
          "failureMessages": [],
          "meta": {}
        }
      ],
      "startTime": 1771931013996,
      "endTime": 1771931014210.476,
      "status": "passed",
      "message": "",
      "name": "/Users/administrator/.openclaw/workspace/ironclaw/src/media/store.test.ts"
    },
    {
      "assertionResults": [],
      "startTime": 1771930511550,
      "endTime": 1771930511550,
      "status": "failed",
      "message": "The \"path\" argument must be of type string. Received undefined",
      "name": "/Users/administrator/.openclaw/workspace/ironclaw/src/plugins/loader.test.ts"
    },
    {
      "assertionResults": [
        {
          "ancestorTitles": ["resolvePluginTools optional tools"],
          "fullName": "resolvePluginTools optional tools skips optional tools without explicit allowlist",
          "status": "passed",
          "title": "skips optional tools without explicit allowlist",
          "duration": 2.3126249999999686,
          "failureMessages": [],
          "meta": {}
        },
        {
          "ancestorTitles": ["resolvePluginTools optional tools"],
          "fullName": "resolvePluginTools optional tools allows optional tools by tool name",
          "status": "passed",
          "title": "allows optional tools by tool name",
          "duration": 0.8743329999999787,
          "failureMessages": [],
          "meta": {}
        },
        {
          "ancestorTitles": ["resolvePluginTools optional tools"],
          "fullName": "resolvePluginTools optional tools allows optional tools via plugin-scoped allowlist entries",
          "status": "passed",
          "title": "allows optional tools via plugin-scoped allowlist entries",
          "duration": 0.43029200000000856,
          "failureMessages": [],
          "meta": {}
        },
        {
          "ancestorTitles": ["resolvePluginTools optional tools"],
          "fullName": "resolvePluginTools optional tools rejects plugin id collisions with core tool names",
          "status": "passed",
          "title": "rejects plugin id collisions with core tool names",
          "duration": 27.926249999999982,
          "failureMessages": [],
          "meta": {}
        },
        {
          "ancestorTitles": ["resolvePluginTools optional tools"],
          "fullName": "resolvePluginTools optional tools skips conflicting tool names but keeps other tools",
          "status": "passed",
          "title": "skips conflicting tool names but keeps other tools",
          "duration": 1.252958000000035,
          "failureMessages": [],
          "meta": {}
        }
      ],
      "startTime": 1771931046671,
      "endTime": 1771931046703.253,
      "status": "passed",
      "message": "",
      "name": "/Users/administrator/.openclaw/workspace/ironclaw/src/plugins/tools.optional.test.ts"
    },
    {
      "assertionResults": [
        {
          "ancestorTitles": ["security audit"],
          "fullName": "security audit includes an attack surface summary (info)",
          "status": "passed",
          "title": "includes an attack surface summary (info)",
          "duration": 387.6358330000003,
          "failureMessages": [],
          "meta": {}
        },
        {
          "ancestorTitles": ["security audit"],
          "fullName": "security audit flags non-loopback bind without auth as critical",
          "status": "passed",
          "title": "flags non-loopback bind without auth as critical",
          "duration": 34.33558300000004,
          "failureMessages": [],
          "meta": {}
        },
        {
          "ancestorTitles": ["security audit"],
          "fullName": "security audit warns when non-loopback bind has auth but no auth rate limit",
          "status": "passed",
          "title": "warns when non-loopback bind has auth but no auth rate limit",
          "duration": 18.394749999999476,
          "failureMessages": [],
          "meta": {}
        },
        {
          "ancestorTitles": ["security audit"],
          "fullName": "security audit scores dangerous gateway.tools.allow over HTTP by exposure",
          "status": "passed",
          "title": "scores dangerous gateway.tools.allow over HTTP by exposure",
          "duration": 40.6852910000016,
          "failureMessages": [],
          "meta": {}
        },
        {
          "ancestorTitles": ["security audit"],
          "fullName": "security audit does not warn for auth rate limiting when configured",
          "status": "passed",
          "title": "does not warn for auth rate limiting when configured",
          "duration": 10.035499999998137,
          "failureMessages": [],
          "meta": {}
        },
        {
          "ancestorTitles": ["security audit"],
          "fullName": "security audit warns when exec host is explicitly sandbox while sandbox mode is off",
          "status": "passed",
          "title": "warns when exec host is explicitly sandbox while sandbox mode is off",
          "duration": 6.047041999998328,
          "failureMessages": [],
          "meta": {}
        },
        {
          "ancestorTitles": ["security audit"],
          "fullName": "security audit warns when an agent sets exec host=sandbox with sandbox mode off",
          "status": "passed",
          "title": "warns when an agent sets exec host=sandbox with sandbox mode off",
          "duration": 64.41300000000047,
          "failureMessages": [],
          "meta": {}
        },
        {
          "ancestorTitles": ["security audit"],
          "fullName": "security audit warns for interpreter safeBins entries without explicit profiles",
          "status": "passed",
          "title": "warns for interpreter safeBins entries without explicit profiles",
          "duration": 60.214959000004455,
          "failureMessages": [],
          "meta": {}
        },
        {
          "ancestorTitles": ["security audit"],
          "fullName": "security audit does not warn for interpreter safeBins when explicit profiles are present",
          "status": "passed",
          "title": "does not warn for interpreter safeBins when explicit profiles are present",
          "duration": 65.66591699999844,
          "failureMessages": [],
          "meta": {}
        },
        {
          "ancestorTitles": ["security audit"],
          "fullName": "security audit warns when loopback control UI lacks trusted proxies",
          "status": "passed",
          "title": "warns when loopback control UI lacks trusted proxies",
          "duration": 27.132791999996698,
          "failureMessages": [],
          "meta": {}
        },
        {
[...]
          "title": "handles quote-only replies without reply metadata",
          "duration": 7.205792000000656,
          "failureMessages": [],
          "meta": {}
        },
        {
          "ancestorTitles": ["createTelegramBot"],
          "fullName": "createTelegramBot uses external_reply quote text for partial replies",
          "status": "passed",
          "title": "uses external_reply quote text for partial replies",
          "duration": 42.089082999998936,
          "failureMessages": [],
          "meta": {}
        },
        {
          "ancestorTitles": ["createTelegramBot"],
          "fullName": "createTelegramBot propagates forwarded origin from external_reply targets",
          "status": "passed",
          "title": "propagates forwarded origin from external_reply targets",
          "duration": 55.24366700000246,
          "failureMessages": [],
          "meta": {}
        },
        {
          "ancestorTitles": ["createTelegramBot"],
          "fullName": "createTelegramBot accepts group replies to the bot without explicit mention when requireMention is enabled",
          "status": "passed",
          "title": "accepts group replies to the bot without explicit mention when requireMention is enabled",
          "duration": 14.690708999998606,
          "failureMessages": [],
          "meta": {}
        },
        {
          "ancestorTitles": ["createTelegramBot"],
          "fullName": "createTelegramBot inherits group allowlist + requireMention in topics",
          "status": "passed",
          "title": "inherits group allowlist + requireMention in topics",
          "duration": 14.070290999999997,
          "failureMessages": [],
          "meta": {}
        },
        {
          "ancestorTitles": ["createTelegramBot"],
          "fullName": "createTelegramBot prefers topic allowFrom over group allowFrom",
          "status": "passed",
          "title": "prefers topic allowFrom over group allowFrom",
          "duration": 29.03912499999933,
          "failureMessages": [],
          "meta": {}
        },
        {
          "ancestorTitles": ["createTelegramBot"],
          "fullName": "createTelegramBot allows group messages for per-group groupPolicy open override (global groupPolicy allowlist)",
          "status": "passed",
          "title": "allows group messages for per-group groupPolicy open override (global groupPolicy allowlist)",
          "duration": 20.68895799999882,
          "failureMessages": [],
          "meta": {}
        },
        {
          "ancestorTitles": ["createTelegramBot"],
          "fullName": "createTelegramBot blocks control commands from unauthorized senders in per-group open groups",
          "status": "passed",
          "title": "blocks control commands from unauthorized senders in per-group open groups",
          "duration": 12.023333000001003,
          "failureMessages": [],
          "meta": {}
        },
        {
          "ancestorTitles": ["createTelegramBot"],
          "fullName": "createTelegramBot sets command target session key for dm topic commands",
          "status": "passed",
          "title": "sets command target session key for dm topic commands",
          "duration": 168.76987499999814,
          "failureMessages": [],
          "meta": {}
        },
        {
          "ancestorTitles": ["createTelegramBot"],
          "fullName": "createTelegramBot allows native DM commands for paired users",
          "status": "passed",
          "title": "allows native DM commands for paired users",
          "duration": 11.18383299999914,
          "failureMessages": [],
          "meta": {}
        },
        {
          "ancestorTitles": ["createTelegramBot"],
          "fullName": "createTelegramBot blocks native DM commands for unpaired users",
          "status": "passed",
          "title": "blocks native DM commands for unpaired users",
          "duration": 1.5047919999997248,
          "failureMessages": [],
          "meta": {}
        },
        {
          "ancestorTitles": ["createTelegramBot"],
          "fullName": "createTelegramBot registers message_reaction handler",
          "status": "passed",
          "title": "registers message_reaction handler",
          "duration": 3.5202080000017304,
          "failureMessages": [],
          "meta": {}
        },
        {
          "ancestorTitles": ["createTelegramBot"],
          "fullName": "createTelegramBot enqueues system event for reaction",
          "status": "passed",
          "title": "enqueues system event for reaction",
          "duration": 6.92804199999955,
          "failureMessages": [],
          "meta": {}
        },
        {
          "ancestorTitles": ["createTelegramBot"],
          "fullName": "createTelegramBot skips reaction when reactionNotifications is off",
          "status": "passed",
          "title": "skips reaction when reactionNotifications is off",
          "duration": 1.4235000000007858,
          "failureMessages": [],
          "meta": {}
        },
        {
          "ancestorTitles": ["createTelegramBot"],
          "fullName": "createTelegramBot defaults reactionNotifications to own",
          "status": "passed",
          "title": "defaults reactionNotifications to own",
          "duration": 1.0058749999989232,
          "failureMessages": [],
          "meta": {}
        },
        {
          "ancestorTitles": ["createTelegramBot"],
          "fullName": "createTelegramBot allows reaction in all mode regardless of message sender",
          "status": "passed",
          "title": "allows reaction in all mode regardless of message sender",
          "duration": 2.4644999999982247,
          "failureMessages": [],
          "meta": {}
        },
        {
          "ancestorTitles": ["createTelegramBot"],
          "fullName": "createTelegramBot skips reaction in own mode when message is not sent by bot",
          "status": "passed",
          "title": "skips reaction in own mode when message is not sent by bot",
          "duration": 1.1147089999976743,
          "failureMessages": [],
          "meta": {}
        },
        {
          "ancestorTitles": ["createTelegramBot"],
          "fullName": "createTelegramBot allows reaction in own mode when message is sent by bot",
          "status": "passed",
          "title": "allows reaction in own mode when message is sent by bot",
          "duration": 2.9233749999984866,
          "failureMessages": [],
          "meta": {}
        },
        {
          "ancestorTitles": ["createTelegramBot"],
          "fullName": "createTelegramBot skips reaction from bot users",
          "status": "passed",
          "title": "skips reaction from bot users",
          "duration": 7.151458000000275,
          "failureMessages": [],
          "meta": {}
        },
        {
          "ancestorTitles": ["createTelegramBot"],
          "fullName": "createTelegramBot skips reaction removal (only processes added reactions)",
          "status": "passed",
          "title": "skips reaction removal (only processes added reactions)",
          "duration": 1.7359170000017912,
          "failureMessages": [],
          "meta": {}
        },
        {
          "ancestorTitles": ["createTelegramBot"],
          "fullName": "createTelegramBot enqueues one event per added emoji reaction",
          "status": "passed",
          "title": "enqueues one event per added emoji reaction",
          "duration": 1.6441670000021986,
          "failureMessages": [],
          "meta": {}
        },
        {
          "ancestorTitles": ["createTelegramBot"],
          "fullName": "createTelegramBot routes forum group reactions to the general topic (thread id not available on reactions)",
          "status": "passed",
          "title": "routes forum group reactions to the general topic (thread id not available on reactions)",
          "duration": 1.3186659999992116,
          "failureMessages": [],
          "meta": {}
        },
        {
          "ancestorTitles": ["createTelegramBot"],
          "fullName": "createTelegramBot uses correct session key for forum group reactions in general topic",
          "status": "passed",
          "title": "uses correct session key for forum group reactions in general topic",
          "duration": 0.9846250000009604,
          "failureMessages": [],
          "meta": {}
        },
        {
          "ancestorTitles": ["createTelegramBot"],
          "fullName": "createTelegramBot uses correct session key for regular group reactions without topic",
          "status": "passed",
          "title": "uses correct session key for regular group reactions without topic",
          "duration": 2.1494999999995343,
          "failureMessages": [],
          "meta": {}
        }
      ],
      "startTime": 1771931040814,
      "endTime": 1771931042416.1494,
      "status": "passed",
      "message": "",
      "name": "/Users/administrator/.openclaw/workspace/ironclaw/src/telegram/bot.test.ts"
    },
    {
      "assertionResults": [],
      "startTime": 1771930511550,
      "endTime": 1771930511550,
      "status": "failed",
      "message": "The \"path\" argument must be of type string. Received undefined",
      "name": "/Users/administrator/.openclaw/workspace/ironclaw/src/web/auto-reply.web-auto-reply.compresses-common-formats-jpeg-cap.test.ts"
    },
    {
      "assertionResults": [],
      "startTime": 1771930511550,
      "endTime": 1771930511550,
      "status": "failed",
      "message": "The \"path\" argument must be of type string. Received undefined",
      "name": "/Users/administrator/.openclaw/workspace/ironclaw/src/web/media.test.ts"
    },
    {
      "assertionResults": [
        {
          "ancestorTitles": ["Slack native command argument menus"],
          "fullName": "Slack native command argument menus registers options handlers without losing app receiver binding",
          "status": "passed",
          "title": "registers options handlers without losing app receiver binding",
          "duration": 6.9417090000001735,
          "failureMessages": [],
          "meta": {}
        },
        {
          "ancestorTitles": ["Slack native command argument menus"],
          "fullName": "Slack native command argument menus shows a button menu when required args are omitted",
          "status": "passed",
          "title": "shows a button menu when required args are omitted",
          "duration": 1.6236660000004122,
          "failureMessages": [],
          "meta": {}
        },
        {
          "ancestorTitles": ["Slack native command argument menus"],
          "fullName": "Slack native command argument menus shows a static_select menu when choices exceed button row size",
          "status": "passed",
          "title": "shows a static_select menu when choices exceed button row size",
          "duration": 0.4142500000002656,
          "failureMessages": [],
          "meta": {}
        },
        {
          "ancestorTitles": ["Slack native command argument menus"],
          "fullName": "Slack native command argument menus falls back to buttons when static_select value limit would be exceeded",
          "status": "passed",
          "title": "falls back to buttons when static_select value limit would be exceeded",
          "duration": 0.23587499999985084,
          "failureMessages": [],
          "meta": {}
        },
        {
          "ancestorTitles": ["Slack native command argument menus"],
          "fullName": "Slack native command argument menus shows an overflow menu when choices fit compact range",
          "status": "passed",
          "title": "shows an overflow menu when choices fit compact range",
          "duration": 0.23837500000036016,
          "failureMessages": [],
          "meta": {}
        },
        {
          "ancestorTitles": ["Slack native command argument menus"],
          "fullName": "Slack native command argument menus escapes mrkdwn characters in confirm dialog text",
          "status": "passed",
          "title": "escapes mrkdwn characters in confirm dialog text",
          "duration": 0.28237499999977445,
          "failureMessages": [],
          "meta": {}
        },
        {
          "ancestorTitles": ["Slack native command argument menus"],
          "fullName": "Slack native command argument menus dispatches the command when a menu button is clicked",
          "status": "passed",
          "title": "dispatches the command when a menu button is clicked",
          "duration": 26.556416999999783,
          "failureMessages": [],
          "meta": {}
        },
        {
          "ancestorTitles": ["Slack native command argument menus"],
          "fullName": "Slack native command argument menus dispatches the command when a static_select option is chosen",
          "status": "passed",
          "title": "dispatches the command when a static_select option is chosen",
          "duration": 0.8718330000001515,
          "failureMessages": [],
          "meta": {}
        },
        {
          "ancestorTitles": ["Slack native command argument menus"],
          "fullName": "Slack native command argument menus dispatches the command when an overflow option is chosen",
          "status": "passed",
          "title": "dispatches the command when an overflow option is chosen",
          "duration": 0.2826669999999467,
          "failureMessages": [],
          "meta": {}
        },
        {
          "ancestorTitles": ["Slack native command argument menus"],
          "fullName": "Slack native command argument menus shows an external_select menu when choices exceed static_select options max",
          "status": "passed",
          "title": "shows an external_select menu when choices exceed static_select options max",
          "duration": 0.7471250000003238,
          "failureMessages": [],
          "meta": {}
        },
        {
          "ancestorTitles": ["Slack native command argument menus"],
          "fullName": "Slack native command argument menus serves filtered options for external_select menus",
          "status": "passed",
          "title": "serves filtered options for external_select menus",
          "duration": 0.9505420000000413,
          "failureMessages": [],
          "meta": {}
        },
        {
          "ancestorTitles": ["Slack native command argument menus"],
          "fullName": "Slack native command argument menus rejects external_select option requests without user identity",
          "status": "passed",
          "title": "rejects external_select option requests without user identity",
          "duration": 1.0761250000000473,
          "failureMessages": [],
          "meta": {}
        },
        {
          "ancestorTitles": ["Slack native command argument menus"],
          "fullName": "Slack native command argument menus rejects menu clicks from other users",
          "status": "passed",
          "title": "rejects menu clicks from other users",
          "duration": 0.3038329999999405,
          "failureMessages": [],
          "meta": {}
        },
        {
          "ancestorTitles": ["Slack native command argument menus"],
          "fullName": "Slack native command argument menus falls back to postEphemeral with token when respond is unavailable",
          "status": "passed",
          "title": "falls back to postEphemeral with token when respond is unavailable",
          "duration": 0.8308330000004389,
          "failureMessages": [],
          "meta": {}
        },
        {
          "ancestorTitles": ["Slack native command argument menus"],
          "fullName": "Slack native command argument menus treats malformed percent-encoding as an invalid button (no throw)",
          "status": "passed",
          "title": "treats malformed percent-encoding as an invalid button (no throw)",
          "duration": 0.21058399999992616,
          "failureMessages": [],
          "meta": {}
        },
        {
          "ancestorTitles": ["slack slash commands channel policy"],
          "fullName": "slack slash commands channel policy allows unlisted channels when groupPolicy is open",
          "status": "passed",
          "title": "allows unlisted channels when groupPolicy is open",
          "duration": 3.5836249999997563,
          "failureMessages": [],
          "meta": {}
        },
        {
          "ancestorTitles": ["slack slash commands channel policy"],
          "fullName": "slack slash commands channel policy blocks explicitly denied channels when groupPolicy is open",
          "status": "passed",
          "title": "blocks explicitly denied channels when groupPolicy is open",
          "duration": 0.6284169999998994,
          "failureMessages": [],
          "meta": {}
        },
        {
          "ancestorTitles": ["slack slash commands channel policy"],
          "fullName": "slack slash commands channel policy blocks unlisted channels when groupPolicy is allowlist",
          "status": "passed",
          "title": "blocks unlisted channels when groupPolicy is allowlist",
          "duration": 0.6864580000001297,
          "failureMessages": [],
          "meta": {}
        },
        {
          "ancestorTitles": ["slack slash commands access groups"],
          "fullName": "slack slash commands access groups fails closed when channel type lookup returns empty for channels",
          "status": "passed",
          "title": "fails closed when channel type lookup returns empty for channels",
          "duration": 6.256875000000036,
          "failureMessages": [],
          "meta": {}
        },
        {
          "ancestorTitles": ["slack slash commands access groups"],
          "fullName": "slack slash commands access groups still treats D-prefixed channel ids as DMs when lookup fails",
          "status": "passed",
          "title": "still treats D-prefixed channel ids as DMs when lookup fails",
          "duration": 0.5098749999997381,
          "failureMessages": [],
          "meta": {}
        },
        {
          "ancestorTitles": ["slack slash commands access groups"],
          "fullName": "slack slash commands access groups computes CommandAuthorized for DM slash commands when dmPolicy is open",
          "status": "passed",
          "title": "computes CommandAuthorized for DM slash commands when dmPolicy is open",
          "duration": 0.8947920000000522,
          "failureMessages": [],
          "meta": {}
        },
        {
          "ancestorTitles": ["slack slash commands access groups"],
          "fullName": "slack slash commands access groups enforces access-group gating when lookup fails for private channels",
          "status": "passed",
          "title": "enforces access-group gating when lookup fails for private channels",
          "duration": 0.3090830000001006,
          "failureMessages": [],
          "meta": {}
        },
        {
          "ancestorTitles": ["slack slash command session metadata"],
          "fullName": "slack slash command session metadata calls recordSessionMetaFromInbound after dispatching a slash command",
          "status": "passed",
          "title": "calls recordSessionMetaFromInbound after dispatching a slash command",
          "duration": 0.28549999999995634,
          "failureMessages": [],
          "meta": {}
        },
        {
          "ancestorTitles": ["slack slash command session metadata"],
          "fullName": "slack slash command session metadata awaits session metadata persistence before dispatch",
          "status": "passed",
          "title": "awaits session metadata persistence before dispatch",
          "duration": 51.13120799999979,
          "failureMessages": [],
          "meta": {}
        }
      ],
      "startTime": 1771931018045,
      "endTime": 1771931018151.131,
      "status": "passed",
      "message": "",
      "name": "/Users/administrator/.openclaw/workspace/ironclaw/src/slack/monitor/slash.test.ts"
    }
  ]
}
